-------------------------------------------------------------------------------
Test set: com.is442.springbootbackend.SpringbootBackendApplicationTests
-------------------------------------------------------------------------------
Tests run: 1, Failures: 0, Errors: 1, Skipped: 0, Time elapsed: 7.311 s <<< FAILURE! - in com.is442.springbootbackend.SpringbootBackendApplicationTests
contextLoads  Time elapsed: 0.007 s  <<< ERROR!
java.lang.IllegalStateException: Failed to load ApplicationContext for [WebMergedContextConfiguration@5ff29e8b testClass = com.is442.springbootbackend.SpringbootBackendApplicationTests, locations = [], classes = [com.is442.springbootbackend.SpringbootBackendApplication], contextInitializerClasses = [], activeProfiles = [], propertySourceLocations = [], propertySourceProperties = ["org.springframework.boot.test.context.SpringBootTestContextBootstrapper=true"], contextCustomizers = [org.springframework.boot.test.context.filter.ExcludeFilterContextCustomizer@29215f06, org.springframework.boot.test.json.DuplicateJsonObjectContextCustomizerFactory$DuplicateJsonObjectContextCustomizer@13fd2ccd, org.springframework.boot.test.mock.mockito.MockitoContextCustomizer@0, org.springframework.boot.test.web.client.TestRestTemplateContextCustomizer@2e3967ea, org.springframework.boot.test.autoconfigure.actuate.observability.ObservabilityContextCustomizerFactory$DisableObservabilityContextCustomizer@9da1, org.springframework.boot.test.autoconfigure.properties.PropertyMappingContextCustomizer@0, org.springframework.boot.test.autoconfigure.web.servlet.WebDriverContextCustomizerFactory$Customizer@d86a6f, org.springframework.boot.test.context.SpringBootTestAnnotation@699a8e45], resourceBasePath = "src/main/webapp", contextLoader = org.springframework.boot.test.context.SpringBootContextLoader, parent = null]
Caused by: org.springframework.beans.factory.UnsatisfiedDependencyException: Error creating bean with name 'formStatusController': Unsatisfied dependency expressed through field 'formStatusRepository': Error creating bean with name 'formStatusRepository' defined in com.is442.springbootbackend.repository.FormStatusRepository defined in @EnableJpaRepositories declared on JpaRepositoriesRegistrar.EnableJpaRepositoriesConfiguration: This class [class com.is442.springbootbackend.model.FormStatus] does not define an IdClass
Caused by: org.springframework.beans.factory.BeanCreationException: Error creating bean with name 'formStatusRepository' defined in com.is442.springbootbackend.repository.FormStatusRepository defined in @EnableJpaRepositories declared on JpaRepositoriesRegistrar.EnableJpaRepositoriesConfiguration: This class [class com.is442.springbootbackend.model.FormStatus] does not define an IdClass
Caused by: java.lang.IllegalArgumentException: This class [class com.is442.springbootbackend.model.FormStatus] does not define an IdClass

